<?xml version="1.0" encoding="UTF-8"?>
<!-- Generated by org.testng.reporters.JUnitXMLReporter -->
<testsuite ignored="0" hostname="LAPTOP-FIM1TCMK" failures="1" tests="2" name="Practice.Goal" time="44.467" errors="0" timestamp="2025-08-16T12:28:38 IST">
  <testcase classname="Practice.Goal.RegistrationTc" name="Registration" time="22.608"/>
  <testcase classname="Practice.Goal.LoginTc" name="Logining" time="21.191">
    <failure type="java.lang.AssertionError" message="The following asserts failed:
	expected [Hi, sita!] but found [Hi, cita!]">
      <![CDATA[java.lang.AssertionError: The following asserts failed:
expected [Hi, sita!] but found [Hi, cita!]
at Practice.Goal.LoginTc.Logining(LoginTc.java:20)
at java.base/java.util.ArrayList.forEach(ArrayList.java:1511)
... Removed 29 stack frames]]>
    </failure>
  </testcase> <!-- Logining -->
</testsuite> <!-- Practice.Goal -->
